2025-09-28 20:36:18.665 INFO  [main] c.c.s.SimpleMockingApiApplication [,] - Starting SimpleMockingApiApplication using Java 17.0.16 with PID 24117 (/home/raksmey/Programmings/devops/kubernetes-with-teach-bruno/simple_mocking_api/build/classes/java/main started by raksmey in /home/raksmey/Programmings/devops/kubernetes-with-teach-bruno/simple_mocking_api)
2025-09-28 20:36:18.669 INFO  [main] c.c.s.SimpleMockingApiApplication [,] - The following 1 profile is active: "dev"
2025-09-28 20:36:19.208 INFO  [main] o.a.c.http11.Http11NioProtocol [,] - Initializing ProtocolHandler ["http-nio-8080"]
2025-09-28 20:36:19.209 INFO  [main] o.a.c.core.StandardService [,] - Starting service [Tomcat]
2025-09-28 20:36:19.210 INFO  [main] o.a.c.core.StandardEngine [,] - Starting Servlet engine: [Apache Tomcat/10.1.46]
2025-09-28 20:36:19.242 INFO  [main] o.a.c.c.C.[.[localhost].[/] [,] - Initializing Spring embedded WebApplicationContext
2025-09-28 20:36:19.433 DEBUG [main] i.m.c.u.i.l.InternalLoggerFactory [,] - Using SLF4J as the default logging framework
2025-09-28 20:36:19.466 INFO  [main] o.a.c.http11.Http11NioProtocol [,] - Starting ProtocolHandler ["http-nio-8080"]
2025-09-28 20:36:19.472 WARN  [main] o.s.b.w.s.c.AnnotationConfigServletWebServerApplicationContext [,] - Exception encountered during context initialization - cancelling refresh attempt: org.springframework.context.ApplicationContextException: Failed to start bean 'webServerStartStop'
2025-09-28 20:36:19.493 ERROR [main] o.s.b.d.LoggingFailureAnalysisReporter [,] - 

***************************
APPLICATION FAILED TO START
***************************

Description:

Web server failed to start. Port 8080 was already in use.

Action:

Identify and stop the process that's listening on port 8080 or configure this application to listen on another port.

2025-09-28 20:36:47.734 INFO  [main] c.c.s.SimpleMockingApiApplication [,] - Starting SimpleMockingApiApplication using Java 17.0.16 with PID 25134 (/home/raksmey/Programmings/devops/kubernetes-with-teach-bruno/simple_mocking_api/build/classes/java/main started by raksmey in /home/raksmey/Programmings/devops/kubernetes-with-teach-bruno/simple_mocking_api)
2025-09-28 20:36:47.738 INFO  [main] c.c.s.SimpleMockingApiApplication [,] - The following 1 profile is active: "dev"
2025-09-28 20:36:48.288 INFO  [main] o.a.c.http11.Http11NioProtocol [,] - Initializing ProtocolHandler ["http-nio-8080"]
2025-09-28 20:36:48.290 INFO  [main] o.a.c.core.StandardService [,] - Starting service [Tomcat]
2025-09-28 20:36:48.290 INFO  [main] o.a.c.core.StandardEngine [,] - Starting Servlet engine: [Apache Tomcat/10.1.46]
2025-09-28 20:36:48.323 INFO  [main] o.a.c.c.C.[.[localhost].[/] [,] - Initializing Spring embedded WebApplicationContext
2025-09-28 20:36:48.502 DEBUG [main] i.m.c.u.i.l.InternalLoggerFactory [,] - Using SLF4J as the default logging framework
2025-09-28 20:36:48.550 INFO  [main] o.a.c.http11.Http11NioProtocol [,] - Starting ProtocolHandler ["http-nio-8080"]
2025-09-28 20:36:48.567 INFO  [main] c.c.s.SimpleMockingApiApplication [,] - Started SimpleMockingApiApplication in 1.396 seconds (process running for 1.58)
2025-09-28 20:37:05.206 INFO  [http-nio-8080-exec-1] o.a.c.c.C.[.[localhost].[/] [,] - Initializing Spring DispatcherServlet 'dispatcherServlet'
2025-09-28 20:58:49.257 INFO  [Test worker] c.c.s.SimpleMockingApiApplicationTests [,] - Starting SimpleMockingApiApplicationTests using Java 17.0.16 with PID 30525 (started by raksmey in /home/raksmey/Programmings/devops/kubernetes-with-teach-bruno/simple_mocking_api)
2025-09-28 20:58:49.262 INFO  [Test worker] c.c.s.SimpleMockingApiApplicationTests [,] - The following 1 profile is active: "dev"
2025-09-28 20:58:50.551 DEBUG [Test worker] i.m.c.u.i.l.InternalLoggerFactory [,] - Using SLF4J as the default logging framework
2025-09-28 20:58:51.010 INFO  [Test worker] c.c.s.SimpleMockingApiApplicationTests [,] - Started SimpleMockingApiApplicationTests in 2.237 seconds (process running for 3.025)
2025-09-28 20:59:14.687 INFO  [main] c.c.s.SimpleMockingApiApplication [,] - Starting SimpleMockingApiApplication using Java 17.0.16 with PID 31246 (/home/raksmey/Programmings/devops/kubernetes-with-teach-bruno/simple_mocking_api/build/classes/java/main started by raksmey in /home/raksmey/Programmings/devops/kubernetes-with-teach-bruno/simple_mocking_api)
2025-09-28 20:59:14.691 INFO  [main] c.c.s.SimpleMockingApiApplication [,] - The following 1 profile is active: "dev"
2025-09-28 20:59:15.461 INFO  [main] o.a.c.http11.Http11NioProtocol [,] - Initializing ProtocolHandler ["http-nio-8080"]
2025-09-28 20:59:15.463 INFO  [main] o.a.c.core.StandardService [,] - Starting service [Tomcat]
2025-09-28 20:59:15.463 INFO  [main] o.a.c.core.StandardEngine [,] - Starting Servlet engine: [Apache Tomcat/10.1.46]
2025-09-28 20:59:15.508 INFO  [main] o.a.c.c.C.[.[localhost].[/] [,] - Initializing Spring embedded WebApplicationContext
2025-09-28 20:59:15.535 DEBUG [main] i.m.c.u.i.l.InternalLoggerFactory [,] - Using SLF4J as the default logging framework
2025-09-28 20:59:16.052 INFO  [main] o.a.c.http11.Http11NioProtocol [,] - Starting ProtocolHandler ["http-nio-8080"]
2025-09-28 20:59:16.076 INFO  [main] c.c.s.SimpleMockingApiApplication [,] - Started SimpleMockingApiApplication in 1.952 seconds (process running for 2.144)
2025-09-28 20:59:33.287 INFO  [http-nio-8080-exec-1] o.a.c.c.C.[.[localhost].[/] [,] - Initializing Spring DispatcherServlet 'dispatcherServlet'
2025-09-28 20:59:33.315 INFO  [http-nio-8080-exec-1] c.c.s.c.UserController [68d93f4572afe14ad9ceef82d209c68a,d9ceef82d209c68a] - Fetching all users
2025-09-28 20:59:33.316 INFO  [http-nio-8080-exec-1] c.c.s.c.UserController [68d93f4572afe14ad9ceef82d209c68a,d9ceef82d209c68a] - Retrieved 5 users
2025-09-28 20:59:56.093 INFO  [http-nio-8080-exec-2] c.c.s.c.UserController [68d93f5ca74292f3b4a3acc37dab1c02,b4a3acc37dab1c02] - Fetching user with ID: 1
2025-09-28 20:59:56.094 INFO  [http-nio-8080-exec-2] c.c.s.c.UserController [68d93f5ca74292f3b4a3acc37dab1c02,b4a3acc37dab1c02] - Found user: john.doe@email.com
