{"@timestamp":"2025-09-28T13:36:18.665Z","@version":"1","level":"INFO","thread_name":"main","logger_name":"com.cozysnippet.simple_mocking_api.SimpleMockingApiApplication","message":"Starting SimpleMockingApiApplication using Java 17.0.16 with PID 24117 (/home/raksmey/Programmings/devops/kubernetes-with-teach-bruno/simple_mocking_api/build/classes/java/main started by raksmey in /home/raksmey/Programmings/devops/kubernetes-with-teach-bruno/simple_mocking_api)","service":"simple-mocking-api"}
{"@timestamp":"2025-09-28T13:36:18.669Z","@version":"1","level":"INFO","thread_name":"main","logger_name":"com.cozysnippet.simple_mocking_api.SimpleMockingApiApplication","message":"The following 1 profile is active: \"dev\"","service":"simple-mocking-api"}
{"@timestamp":"2025-09-28T13:36:19.208Z","@version":"1","level":"INFO","thread_name":"main","logger_name":"org.apache.coyote.http11.Http11NioProtocol","message":"Initializing ProtocolHandler [\"http-nio-8080\"]","service":"simple-mocking-api"}
{"@timestamp":"2025-09-28T13:36:19.209Z","@version":"1","level":"INFO","thread_name":"main","logger_name":"org.apache.catalina.core.StandardService","message":"Starting service [Tomcat]","service":"simple-mocking-api"}
{"@timestamp":"2025-09-28T13:36:19.210Z","@version":"1","level":"INFO","thread_name":"main","logger_name":"org.apache.catalina.core.StandardEngine","message":"Starting Servlet engine: [Apache Tomcat/10.1.46]","service":"simple-mocking-api"}
{"@timestamp":"2025-09-28T13:36:19.242Z","@version":"1","level":"INFO","thread_name":"main","logger_name":"org.apache.catalina.core.ContainerBase.[Tomcat].[localhost].[/]","message":"Initializing Spring embedded WebApplicationContext","service":"simple-mocking-api"}
{"@timestamp":"2025-09-28T13:36:19.433Z","@version":"1","level":"DEBUG","thread_name":"main","logger_name":"io.micrometer.common.util.internal.logging.InternalLoggerFactory","message":"Using SLF4J as the default logging framework","service":"simple-mocking-api"}
{"@timestamp":"2025-09-28T13:36:19.466Z","@version":"1","level":"INFO","thread_name":"main","logger_name":"org.apache.coyote.http11.Http11NioProtocol","message":"Starting ProtocolHandler [\"http-nio-8080\"]","service":"simple-mocking-api"}
{"@timestamp":"2025-09-28T13:36:19.472Z","@version":"1","level":"WARN","thread_name":"main","logger_name":"org.springframework.boot.web.servlet.context.AnnotationConfigServletWebServerApplicationContext","message":"Exception encountered during context initialization - cancelling refresh attempt: org.springframework.context.ApplicationContextException: Failed to start bean 'webServerStartStop'","service":"simple-mocking-api"}
{"@timestamp":"2025-09-28T13:36:19.493Z","@version":"1","level":"ERROR","thread_name":"main","logger_name":"org.springframework.boot.diagnostics.LoggingFailureAnalysisReporter","message":"\n\n***************************\nAPPLICATION FAILED TO START\n***************************\n\nDescription:\n\nWeb server failed to start. Port 8080 was already in use.\n\nAction:\n\nIdentify and stop the process that's listening on port 8080 or configure this application to listen on another port.\n","service":"simple-mocking-api"}
{"@timestamp":"2025-09-28T13:36:47.734Z","@version":"1","level":"INFO","thread_name":"main","logger_name":"com.cozysnippet.simple_mocking_api.SimpleMockingApiApplication","message":"Starting SimpleMockingApiApplication using Java 17.0.16 with PID 25134 (/home/raksmey/Programmings/devops/kubernetes-with-teach-bruno/simple_mocking_api/build/classes/java/main started by raksmey in /home/raksmey/Programmings/devops/kubernetes-with-teach-bruno/simple_mocking_api)","service":"simple-mocking-api"}
{"@timestamp":"2025-09-28T13:36:47.738Z","@version":"1","level":"INFO","thread_name":"main","logger_name":"com.cozysnippet.simple_mocking_api.SimpleMockingApiApplication","message":"The following 1 profile is active: \"dev\"","service":"simple-mocking-api"}
{"@timestamp":"2025-09-28T13:36:48.288Z","@version":"1","level":"INFO","thread_name":"main","logger_name":"org.apache.coyote.http11.Http11NioProtocol","message":"Initializing ProtocolHandler [\"http-nio-8080\"]","service":"simple-mocking-api"}
{"@timestamp":"2025-09-28T13:36:48.290Z","@version":"1","level":"INFO","thread_name":"main","logger_name":"org.apache.catalina.core.StandardService","message":"Starting service [Tomcat]","service":"simple-mocking-api"}
{"@timestamp":"2025-09-28T13:36:48.290Z","@version":"1","level":"INFO","thread_name":"main","logger_name":"org.apache.catalina.core.StandardEngine","message":"Starting Servlet engine: [Apache Tomcat/10.1.46]","service":"simple-mocking-api"}
{"@timestamp":"2025-09-28T13:36:48.323Z","@version":"1","level":"INFO","thread_name":"main","logger_name":"org.apache.catalina.core.ContainerBase.[Tomcat].[localhost].[/]","message":"Initializing Spring embedded WebApplicationContext","service":"simple-mocking-api"}
{"@timestamp":"2025-09-28T13:36:48.502Z","@version":"1","level":"DEBUG","thread_name":"main","logger_name":"io.micrometer.common.util.internal.logging.InternalLoggerFactory","message":"Using SLF4J as the default logging framework","service":"simple-mocking-api"}
{"@timestamp":"2025-09-28T13:36:48.550Z","@version":"1","level":"INFO","thread_name":"main","logger_name":"org.apache.coyote.http11.Http11NioProtocol","message":"Starting ProtocolHandler [\"http-nio-8080\"]","service":"simple-mocking-api"}
{"@timestamp":"2025-09-28T13:36:48.567Z","@version":"1","level":"INFO","thread_name":"main","logger_name":"com.cozysnippet.simple_mocking_api.SimpleMockingApiApplication","message":"Started SimpleMockingApiApplication in 1.396 seconds (process running for 1.58)","service":"simple-mocking-api"}
{"@timestamp":"2025-09-28T13:37:05.206Z","@version":"1","level":"INFO","thread_name":"http-nio-8080-exec-1","logger_name":"org.apache.catalina.core.ContainerBase.[Tomcat].[localhost].[/]","message":"Initializing Spring DispatcherServlet 'dispatcherServlet'","service":"simple-mocking-api"}
{"@timestamp":"2025-09-28T13:58:49.257Z","@version":"1","level":"INFO","thread_name":"Test worker","logger_name":"com.cozysnippet.simple_mocking_api.SimpleMockingApiApplicationTests","message":"Starting SimpleMockingApiApplicationTests using Java 17.0.16 with PID 30525 (started by raksmey in /home/raksmey/Programmings/devops/kubernetes-with-teach-bruno/simple_mocking_api)","service":"simple-mocking-api"}
{"@timestamp":"2025-09-28T13:58:49.262Z","@version":"1","level":"INFO","thread_name":"Test worker","logger_name":"com.cozysnippet.simple_mocking_api.SimpleMockingApiApplicationTests","message":"The following 1 profile is active: \"dev\"","service":"simple-mocking-api"}
{"@timestamp":"2025-09-28T13:58:50.551Z","@version":"1","level":"DEBUG","thread_name":"Test worker","logger_name":"io.micrometer.common.util.internal.logging.InternalLoggerFactory","message":"Using SLF4J as the default logging framework","service":"simple-mocking-api"}
{"@timestamp":"2025-09-28T13:58:51.010Z","@version":"1","level":"INFO","thread_name":"Test worker","logger_name":"com.cozysnippet.simple_mocking_api.SimpleMockingApiApplicationTests","message":"Started SimpleMockingApiApplicationTests in 2.237 seconds (process running for 3.025)","service":"simple-mocking-api"}
{"@timestamp":"2025-09-28T13:59:14.687Z","@version":"1","level":"INFO","thread_name":"main","logger_name":"com.cozysnippet.simple_mocking_api.SimpleMockingApiApplication","message":"Starting SimpleMockingApiApplication using Java 17.0.16 with PID 31246 (/home/raksmey/Programmings/devops/kubernetes-with-teach-bruno/simple_mocking_api/build/classes/java/main started by raksmey in /home/raksmey/Programmings/devops/kubernetes-with-teach-bruno/simple_mocking_api)","service":"simple-mocking-api"}
{"@timestamp":"2025-09-28T13:59:14.691Z","@version":"1","level":"INFO","thread_name":"main","logger_name":"com.cozysnippet.simple_mocking_api.SimpleMockingApiApplication","message":"The following 1 profile is active: \"dev\"","service":"simple-mocking-api"}
{"@timestamp":"2025-09-28T13:59:15.461Z","@version":"1","level":"INFO","thread_name":"main","logger_name":"org.apache.coyote.http11.Http11NioProtocol","message":"Initializing ProtocolHandler [\"http-nio-8080\"]","service":"simple-mocking-api"}
{"@timestamp":"2025-09-28T13:59:15.463Z","@version":"1","level":"INFO","thread_name":"main","logger_name":"org.apache.catalina.core.StandardService","message":"Starting service [Tomcat]","service":"simple-mocking-api"}
{"@timestamp":"2025-09-28T13:59:15.463Z","@version":"1","level":"INFO","thread_name":"main","logger_name":"org.apache.catalina.core.StandardEngine","message":"Starting Servlet engine: [Apache Tomcat/10.1.46]","service":"simple-mocking-api"}
{"@timestamp":"2025-09-28T13:59:15.508Z","@version":"1","level":"INFO","thread_name":"main","logger_name":"org.apache.catalina.core.ContainerBase.[Tomcat].[localhost].[/]","message":"Initializing Spring embedded WebApplicationContext","service":"simple-mocking-api"}
{"@timestamp":"2025-09-28T13:59:15.535Z","@version":"1","level":"DEBUG","thread_name":"main","logger_name":"io.micrometer.common.util.internal.logging.InternalLoggerFactory","message":"Using SLF4J as the default logging framework","service":"simple-mocking-api"}
{"@timestamp":"2025-09-28T13:59:16.052Z","@version":"1","level":"INFO","thread_name":"main","logger_name":"org.apache.coyote.http11.Http11NioProtocol","message":"Starting ProtocolHandler [\"http-nio-8080\"]","service":"simple-mocking-api"}
{"@timestamp":"2025-09-28T13:59:16.076Z","@version":"1","level":"INFO","thread_name":"main","logger_name":"com.cozysnippet.simple_mocking_api.SimpleMockingApiApplication","message":"Started SimpleMockingApiApplication in 1.952 seconds (process running for 2.144)","service":"simple-mocking-api"}
{"@timestamp":"2025-09-28T13:59:33.287Z","@version":"1","level":"INFO","thread_name":"http-nio-8080-exec-1","logger_name":"org.apache.catalina.core.ContainerBase.[Tomcat].[localhost].[/]","message":"Initializing Spring DispatcherServlet 'dispatcherServlet'","service":"simple-mocking-api"}
{"@timestamp":"2025-09-28T13:59:33.315Z","@version":"1","level":"INFO","thread_name":"http-nio-8080-exec-1","logger_name":"com.cozysnippet.simple_mocking_api.controller.UserController","message":"Fetching all users","traceId":"68d93f4572afe14ad9ceef82d209c68a","spanId":"d9ceef82d209c68a","service":"simple-mocking-api"}
{"@timestamp":"2025-09-28T13:59:33.316Z","@version":"1","level":"INFO","thread_name":"http-nio-8080-exec-1","logger_name":"com.cozysnippet.simple_mocking_api.controller.UserController","message":"Retrieved 5 users","traceId":"68d93f4572afe14ad9ceef82d209c68a","spanId":"d9ceef82d209c68a","service":"simple-mocking-api"}
{"@timestamp":"2025-09-28T13:59:56.093Z","@version":"1","level":"INFO","thread_name":"http-nio-8080-exec-2","logger_name":"com.cozysnippet.simple_mocking_api.controller.UserController","message":"Fetching user with ID: 1","traceId":"68d93f5ca74292f3b4a3acc37dab1c02","spanId":"b4a3acc37dab1c02","service":"simple-mocking-api"}
{"@timestamp":"2025-09-28T13:59:56.094Z","@version":"1","level":"INFO","thread_name":"http-nio-8080-exec-2","logger_name":"com.cozysnippet.simple_mocking_api.controller.UserController","message":"Found user: john.doe@email.com","traceId":"68d93f5ca74292f3b4a3acc37dab1c02","spanId":"b4a3acc37dab1c02","service":"simple-mocking-api"}
