{"@timestamp":"2025-09-28T13:37:37.455Z","@version":"1","level":"INFO","thread_name":"main","logger_name":"com.cozysnippet.simple_mocking_api.SimpleMockingApiApplication","message":"Starting SimpleMockingApiApplication using Java 17.0.16 with PID 25978 (/home/raksmey/Programmings/devops/kubernetes-with-teach-bruno/simple_mocking_api/build/classes/java/main started by raksmey in /home/raksmey/Programmings/devops/kubernetes-with-teach-bruno)","service":"simple-mocking-api"}
{"@timestamp":"2025-09-28T13:37:37.459Z","@version":"1","level":"INFO","thread_name":"main","logger_name":"com.cozysnippet.simple_mocking_api.SimpleMockingApiApplication","message":"The following 1 profile is active: \"dev\"","service":"simple-mocking-api"}
{"@timestamp":"2025-09-28T13:37:38.024Z","@version":"1","level":"INFO","thread_name":"main","logger_name":"org.apache.coyote.http11.Http11NioProtocol","message":"Initializing ProtocolHandler [\"http-nio-8080\"]","service":"simple-mocking-api"}
{"@timestamp":"2025-09-28T13:37:38.025Z","@version":"1","level":"INFO","thread_name":"main","logger_name":"org.apache.catalina.core.StandardService","message":"Starting service [Tomcat]","service":"simple-mocking-api"}
{"@timestamp":"2025-09-28T13:37:38.026Z","@version":"1","level":"INFO","thread_name":"main","logger_name":"org.apache.catalina.core.StandardEngine","message":"Starting Servlet engine: [Apache Tomcat/10.1.46]","service":"simple-mocking-api"}
{"@timestamp":"2025-09-28T13:37:38.053Z","@version":"1","level":"INFO","thread_name":"main","logger_name":"org.apache.catalina.core.ContainerBase.[Tomcat].[localhost].[/]","message":"Initializing Spring embedded WebApplicationContext","service":"simple-mocking-api"}
{"@timestamp":"2025-09-28T13:37:38.231Z","@version":"1","level":"DEBUG","thread_name":"main","logger_name":"io.micrometer.common.util.internal.logging.InternalLoggerFactory","message":"Using SLF4J as the default logging framework","service":"simple-mocking-api"}
{"@timestamp":"2025-09-28T13:37:38.273Z","@version":"1","level":"INFO","thread_name":"main","logger_name":"org.apache.coyote.http11.Http11NioProtocol","message":"Starting ProtocolHandler [\"http-nio-8080\"]","service":"simple-mocking-api"}
{"@timestamp":"2025-09-28T13:37:38.277Z","@version":"1","level":"WARN","thread_name":"main","logger_name":"org.springframework.boot.web.servlet.context.AnnotationConfigServletWebServerApplicationContext","message":"Exception encountered during context initialization - cancelling refresh attempt: org.springframework.context.ApplicationContextException: Failed to start bean 'webServerStartStop'","service":"simple-mocking-api"}
{"@timestamp":"2025-09-28T13:37:38.300Z","@version":"1","level":"ERROR","thread_name":"main","logger_name":"org.springframework.boot.diagnostics.LoggingFailureAnalysisReporter","message":"\n\n***************************\nAPPLICATION FAILED TO START\n***************************\n\nDescription:\n\nWeb server failed to start. Port 8080 was already in use.\n\nAction:\n\nIdentify and stop the process that's listening on port 8080 or configure this application to listen on another port.\n","service":"simple-mocking-api"}
{"@timestamp":"2025-09-28T13:37:50.318Z","@version":"1","level":"INFO","thread_name":"main","logger_name":"com.cozysnippet.simple_mocking_api.SimpleMockingApiApplication","message":"Starting SimpleMockingApiApplication using Java 17.0.16 with PID 26253 (/home/raksmey/Programmings/devops/kubernetes-with-teach-bruno/simple_mocking_api/build/classes/java/main started by raksmey in /home/raksmey/Programmings/devops/kubernetes-with-teach-bruno)","service":"simple-mocking-api"}
{"@timestamp":"2025-09-28T13:37:50.322Z","@version":"1","level":"INFO","thread_name":"main","logger_name":"com.cozysnippet.simple_mocking_api.SimpleMockingApiApplication","message":"The following 1 profile is active: \"dev\"","service":"simple-mocking-api"}
{"@timestamp":"2025-09-28T13:37:50.879Z","@version":"1","level":"INFO","thread_name":"main","logger_name":"org.apache.coyote.http11.Http11NioProtocol","message":"Initializing ProtocolHandler [\"http-nio-8080\"]","service":"simple-mocking-api"}
{"@timestamp":"2025-09-28T13:37:50.880Z","@version":"1","level":"INFO","thread_name":"main","logger_name":"org.apache.catalina.core.StandardService","message":"Starting service [Tomcat]","service":"simple-mocking-api"}
{"@timestamp":"2025-09-28T13:37:50.881Z","@version":"1","level":"INFO","thread_name":"main","logger_name":"org.apache.catalina.core.StandardEngine","message":"Starting Servlet engine: [Apache Tomcat/10.1.46]","service":"simple-mocking-api"}
{"@timestamp":"2025-09-28T13:37:50.910Z","@version":"1","level":"INFO","thread_name":"main","logger_name":"org.apache.catalina.core.ContainerBase.[Tomcat].[localhost].[/]","message":"Initializing Spring embedded WebApplicationContext","service":"simple-mocking-api"}
{"@timestamp":"2025-09-28T13:37:51.088Z","@version":"1","level":"DEBUG","thread_name":"main","logger_name":"io.micrometer.common.util.internal.logging.InternalLoggerFactory","message":"Using SLF4J as the default logging framework","service":"simple-mocking-api"}
{"@timestamp":"2025-09-28T13:37:51.136Z","@version":"1","level":"INFO","thread_name":"main","logger_name":"org.apache.coyote.http11.Http11NioProtocol","message":"Starting ProtocolHandler [\"http-nio-8080\"]","service":"simple-mocking-api"}
{"@timestamp":"2025-09-28T13:37:51.151Z","@version":"1","level":"INFO","thread_name":"main","logger_name":"com.cozysnippet.simple_mocking_api.SimpleMockingApiApplication","message":"Started SimpleMockingApiApplication in 1.399 seconds (process running for 1.724)","service":"simple-mocking-api"}
{"@timestamp":"2025-09-28T13:39:35.048Z","@version":"1","level":"INFO","thread_name":"main","logger_name":"com.cozysnippet.simple_mocking_api.SimpleMockingApiApplication","message":"Starting SimpleMockingApiApplication using Java 17.0.16 with PID 26815 (/home/raksmey/Programmings/devops/kubernetes-with-teach-bruno/simple_mocking_api/build/classes/java/main started by raksmey in /home/raksmey/Programmings/devops/kubernetes-with-teach-bruno)","service":"simple-mocking-api"}
{"@timestamp":"2025-09-28T13:39:35.052Z","@version":"1","level":"INFO","thread_name":"main","logger_name":"com.cozysnippet.simple_mocking_api.SimpleMockingApiApplication","message":"The following 1 profile is active: \"dev\"","service":"simple-mocking-api"}
{"@timestamp":"2025-09-28T13:39:35.640Z","@version":"1","level":"INFO","thread_name":"main","logger_name":"org.apache.coyote.http11.Http11NioProtocol","message":"Initializing ProtocolHandler [\"http-nio-8080\"]","service":"simple-mocking-api"}
{"@timestamp":"2025-09-28T13:39:35.642Z","@version":"1","level":"INFO","thread_name":"main","logger_name":"org.apache.catalina.core.StandardService","message":"Starting service [Tomcat]","service":"simple-mocking-api"}
{"@timestamp":"2025-09-28T13:39:35.642Z","@version":"1","level":"INFO","thread_name":"main","logger_name":"org.apache.catalina.core.StandardEngine","message":"Starting Servlet engine: [Apache Tomcat/10.1.46]","service":"simple-mocking-api"}
{"@timestamp":"2025-09-28T13:39:35.672Z","@version":"1","level":"INFO","thread_name":"main","logger_name":"org.apache.catalina.core.ContainerBase.[Tomcat].[localhost].[/]","message":"Initializing Spring embedded WebApplicationContext","service":"simple-mocking-api"}
{"@timestamp":"2025-09-28T13:39:35.870Z","@version":"1","level":"DEBUG","thread_name":"main","logger_name":"io.micrometer.common.util.internal.logging.InternalLoggerFactory","message":"Using SLF4J as the default logging framework","service":"simple-mocking-api"}
{"@timestamp":"2025-09-28T13:39:35.923Z","@version":"1","level":"INFO","thread_name":"main","logger_name":"org.apache.coyote.http11.Http11NioProtocol","message":"Starting ProtocolHandler [\"http-nio-8080\"]","service":"simple-mocking-api"}
{"@timestamp":"2025-09-28T13:39:35.940Z","@version":"1","level":"INFO","thread_name":"main","logger_name":"com.cozysnippet.simple_mocking_api.SimpleMockingApiApplication","message":"Started SimpleMockingApiApplication in 1.425 seconds (process running for 1.746)","service":"simple-mocking-api"}
{"@timestamp":"2025-09-28T13:49:44.648Z","@version":"1","level":"INFO","thread_name":"main","logger_name":"com.cozysnippet.simple_mocking_api.SimpleMockingApiApplication","message":"Starting SimpleMockingApiApplication using Java 17.0.16 with PID 27915 (/home/raksmey/Programmings/devops/kubernetes-with-teach-bruno/simple_mocking_api/build/classes/java/main started by raksmey in /home/raksmey/Programmings/devops/kubernetes-with-teach-bruno)","service":"simple-mocking-api"}
{"@timestamp":"2025-09-28T13:49:44.652Z","@version":"1","level":"INFO","thread_name":"main","logger_name":"com.cozysnippet.simple_mocking_api.SimpleMockingApiApplication","message":"The following 1 profile is active: \"dev\"","service":"simple-mocking-api"}
{"@timestamp":"2025-09-28T13:49:45.205Z","@version":"1","level":"INFO","thread_name":"main","logger_name":"org.apache.coyote.http11.Http11NioProtocol","message":"Initializing ProtocolHandler [\"http-nio-8080\"]","service":"simple-mocking-api"}
{"@timestamp":"2025-09-28T13:49:45.206Z","@version":"1","level":"INFO","thread_name":"main","logger_name":"org.apache.catalina.core.StandardService","message":"Starting service [Tomcat]","service":"simple-mocking-api"}
{"@timestamp":"2025-09-28T13:49:45.207Z","@version":"1","level":"INFO","thread_name":"main","logger_name":"org.apache.catalina.core.StandardEngine","message":"Starting Servlet engine: [Apache Tomcat/10.1.46]","service":"simple-mocking-api"}
{"@timestamp":"2025-09-28T13:49:45.235Z","@version":"1","level":"INFO","thread_name":"main","logger_name":"org.apache.catalina.core.ContainerBase.[Tomcat].[localhost].[/]","message":"Initializing Spring embedded WebApplicationContext","service":"simple-mocking-api"}
{"@timestamp":"2025-09-28T13:49:45.412Z","@version":"1","level":"DEBUG","thread_name":"main","logger_name":"io.micrometer.common.util.internal.logging.InternalLoggerFactory","message":"Using SLF4J as the default logging framework","service":"simple-mocking-api"}
{"@timestamp":"2025-09-28T13:49:45.455Z","@version":"1","level":"INFO","thread_name":"main","logger_name":"org.apache.coyote.http11.Http11NioProtocol","message":"Starting ProtocolHandler [\"http-nio-8080\"]","service":"simple-mocking-api"}
{"@timestamp":"2025-09-28T13:49:45.471Z","@version":"1","level":"INFO","thread_name":"main","logger_name":"com.cozysnippet.simple_mocking_api.SimpleMockingApiApplication","message":"Started SimpleMockingApiApplication in 1.371 seconds (process running for 1.664)","service":"simple-mocking-api"}
{"@timestamp":"2025-09-28T13:49:58.457Z","@version":"1","level":"INFO","thread_name":"http-nio-8080-exec-1","logger_name":"org.apache.catalina.core.ContainerBase.[Tomcat].[localhost].[/]","message":"Initializing Spring DispatcherServlet 'dispatcherServlet'","service":"simple-mocking-api"}
{"@timestamp":"2025-09-28T13:50:59.798Z","@version":"1","level":"INFO","thread_name":"main","logger_name":"com.cozysnippet.simple_mocking_api.SimpleMockingApiApplication","message":"Starting SimpleMockingApiApplication using Java 17.0.16 with PID 28547 (/home/raksmey/Programmings/devops/kubernetes-with-teach-bruno/simple_mocking_api/build/classes/java/main started by raksmey in /home/raksmey/Programmings/devops/kubernetes-with-teach-bruno)","service":"simple-mocking-api"}
{"@timestamp":"2025-09-28T13:50:59.803Z","@version":"1","level":"INFO","thread_name":"main","logger_name":"com.cozysnippet.simple_mocking_api.SimpleMockingApiApplication","message":"The following 1 profile is active: \"dev\"","service":"simple-mocking-api"}
{"@timestamp":"2025-09-28T13:51:00.419Z","@version":"1","level":"INFO","thread_name":"main","logger_name":"org.apache.coyote.http11.Http11NioProtocol","message":"Initializing ProtocolHandler [\"http-nio-8080\"]","service":"simple-mocking-api"}
{"@timestamp":"2025-09-28T13:51:00.421Z","@version":"1","level":"INFO","thread_name":"main","logger_name":"org.apache.catalina.core.StandardService","message":"Starting service [Tomcat]","service":"simple-mocking-api"}
{"@timestamp":"2025-09-28T13:51:00.421Z","@version":"1","level":"INFO","thread_name":"main","logger_name":"org.apache.catalina.core.StandardEngine","message":"Starting Servlet engine: [Apache Tomcat/10.1.46]","service":"simple-mocking-api"}
{"@timestamp":"2025-09-28T13:51:00.453Z","@version":"1","level":"INFO","thread_name":"main","logger_name":"org.apache.catalina.core.ContainerBase.[Tomcat].[localhost].[/]","message":"Initializing Spring embedded WebApplicationContext","service":"simple-mocking-api"}
{"@timestamp":"2025-09-28T13:51:00.713Z","@version":"1","level":"DEBUG","thread_name":"main","logger_name":"io.micrometer.common.util.internal.logging.InternalLoggerFactory","message":"Using SLF4J as the default logging framework","service":"simple-mocking-api"}
{"@timestamp":"2025-09-28T13:51:00.786Z","@version":"1","level":"INFO","thread_name":"main","logger_name":"org.apache.coyote.http11.Http11NioProtocol","message":"Starting ProtocolHandler [\"http-nio-8080\"]","service":"simple-mocking-api"}
{"@timestamp":"2025-09-28T13:51:00.803Z","@version":"1","level":"INFO","thread_name":"main","logger_name":"com.cozysnippet.simple_mocking_api.SimpleMockingApiApplication","message":"Started SimpleMockingApiApplication in 1.575 seconds (process running for 1.919)","service":"simple-mocking-api"}
{"@timestamp":"2025-09-28T13:51:06.085Z","@version":"1","level":"INFO","thread_name":"http-nio-8080-exec-1","logger_name":"org.apache.catalina.core.ContainerBase.[Tomcat].[localhost].[/]","message":"Initializing Spring DispatcherServlet 'dispatcherServlet'","service":"simple-mocking-api"}
{"@timestamp":"2025-09-28T13:51:06.562Z","@version":"1","level":"INFO","thread_name":"http-nio-8080-exec-8","logger_name":"org.springdoc.api.AbstractOpenApiResource","message":"Init duration for springdoc-openapi is: 161 ms","service":"simple-mocking-api"}
{"@timestamp":"2025-09-28T13:53:01.342Z","@version":"1","level":"INFO","thread_name":"main","logger_name":"com.cozysnippet.simple_mocking_api.SimpleMockingApiApplication","message":"Starting SimpleMockingApiApplication using Java 17.0.16 with PID 28910 (/home/raksmey/Programmings/devops/kubernetes-with-teach-bruno/simple_mocking_api/build/classes/java/main started by raksmey in /home/raksmey/Programmings/devops/kubernetes-with-teach-bruno)","service":"simple-mocking-api"}
{"@timestamp":"2025-09-28T13:53:01.346Z","@version":"1","level":"INFO","thread_name":"main","logger_name":"com.cozysnippet.simple_mocking_api.SimpleMockingApiApplication","message":"The following 1 profile is active: \"dev\"","service":"simple-mocking-api"}
{"@timestamp":"2025-09-28T13:53:01.946Z","@version":"1","level":"INFO","thread_name":"main","logger_name":"org.apache.coyote.http11.Http11NioProtocol","message":"Initializing ProtocolHandler [\"http-nio-8080\"]","service":"simple-mocking-api"}
{"@timestamp":"2025-09-28T13:53:01.948Z","@version":"1","level":"INFO","thread_name":"main","logger_name":"org.apache.catalina.core.StandardService","message":"Starting service [Tomcat]","service":"simple-mocking-api"}
{"@timestamp":"2025-09-28T13:53:01.948Z","@version":"1","level":"INFO","thread_name":"main","logger_name":"org.apache.catalina.core.StandardEngine","message":"Starting Servlet engine: [Apache Tomcat/10.1.46]","service":"simple-mocking-api"}
{"@timestamp":"2025-09-28T13:53:01.980Z","@version":"1","level":"INFO","thread_name":"main","logger_name":"org.apache.catalina.core.ContainerBase.[Tomcat].[localhost].[/]","message":"Initializing Spring embedded WebApplicationContext","service":"simple-mocking-api"}
{"@timestamp":"2025-09-28T13:53:02.236Z","@version":"1","level":"DEBUG","thread_name":"main","logger_name":"io.micrometer.common.util.internal.logging.InternalLoggerFactory","message":"Using SLF4J as the default logging framework","service":"simple-mocking-api"}
{"@timestamp":"2025-09-28T13:53:02.306Z","@version":"1","level":"INFO","thread_name":"main","logger_name":"org.apache.coyote.http11.Http11NioProtocol","message":"Starting ProtocolHandler [\"http-nio-8080\"]","service":"simple-mocking-api"}
{"@timestamp":"2025-09-28T13:53:02.323Z","@version":"1","level":"INFO","thread_name":"main","logger_name":"com.cozysnippet.simple_mocking_api.SimpleMockingApiApplication","message":"Started SimpleMockingApiApplication in 1.516 seconds (process running for 1.818)","service":"simple-mocking-api"}
{"@timestamp":"2025-09-28T13:53:09.840Z","@version":"1","level":"INFO","thread_name":"http-nio-8080-exec-1","logger_name":"org.apache.catalina.core.ContainerBase.[Tomcat].[localhost].[/]","message":"Initializing Spring DispatcherServlet 'dispatcherServlet'","service":"simple-mocking-api"}
{"@timestamp":"2025-09-28T13:53:10.299Z","@version":"1","level":"INFO","thread_name":"http-nio-8080-exec-6","logger_name":"org.springdoc.api.AbstractOpenApiResource","message":"Init duration for springdoc-openapi is: 172 ms","service":"simple-mocking-api"}
{"@timestamp":"2025-09-28T14:00:56.399Z","@version":"1","level":"INFO","thread_name":"main","logger_name":"com.cozysnippet.simple_mocking_api.SimpleMockingApiApplication","message":"Starting SimpleMockingApiApplication using Java 17.0.16 with PID 32013 (/home/raksmey/Programmings/devops/kubernetes-with-teach-bruno/simple_mocking_api/build/classes/java/main started by raksmey in /home/raksmey/Programmings/devops/kubernetes-with-teach-bruno)","service":"simple-mocking-api"}
{"@timestamp":"2025-09-28T14:00:56.403Z","@version":"1","level":"INFO","thread_name":"main","logger_name":"com.cozysnippet.simple_mocking_api.SimpleMockingApiApplication","message":"The following 1 profile is active: \"dev\"","service":"simple-mocking-api"}
{"@timestamp":"2025-09-28T14:00:57.220Z","@version":"1","level":"INFO","thread_name":"main","logger_name":"org.apache.coyote.http11.Http11NioProtocol","message":"Initializing ProtocolHandler [\"http-nio-8080\"]","service":"simple-mocking-api"}
{"@timestamp":"2025-09-28T14:00:57.222Z","@version":"1","level":"INFO","thread_name":"main","logger_name":"org.apache.catalina.core.StandardService","message":"Starting service [Tomcat]","service":"simple-mocking-api"}
{"@timestamp":"2025-09-28T14:00:57.222Z","@version":"1","level":"INFO","thread_name":"main","logger_name":"org.apache.catalina.core.StandardEngine","message":"Starting Servlet engine: [Apache Tomcat/10.1.46]","service":"simple-mocking-api"}
{"@timestamp":"2025-09-28T14:00:57.256Z","@version":"1","level":"INFO","thread_name":"main","logger_name":"org.apache.catalina.core.ContainerBase.[Tomcat].[localhost].[/]","message":"Initializing Spring embedded WebApplicationContext","service":"simple-mocking-api"}
{"@timestamp":"2025-09-28T14:00:57.283Z","@version":"1","level":"DEBUG","thread_name":"main","logger_name":"io.micrometer.common.util.internal.logging.InternalLoggerFactory","message":"Using SLF4J as the default logging framework","service":"simple-mocking-api"}
{"@timestamp":"2025-09-28T14:00:57.838Z","@version":"1","level":"INFO","thread_name":"main","logger_name":"org.apache.coyote.http11.Http11NioProtocol","message":"Starting ProtocolHandler [\"http-nio-8080\"]","service":"simple-mocking-api"}
{"@timestamp":"2025-09-28T14:00:57.842Z","@version":"1","level":"WARN","thread_name":"main","logger_name":"org.springframework.boot.web.servlet.context.AnnotationConfigServletWebServerApplicationContext","message":"Exception encountered during context initialization - cancelling refresh attempt: org.springframework.context.ApplicationContextException: Failed to start bean 'webServerStartStop'","service":"simple-mocking-api"}
{"@timestamp":"2025-09-28T14:00:57.873Z","@version":"1","level":"ERROR","thread_name":"main","logger_name":"org.springframework.boot.diagnostics.LoggingFailureAnalysisReporter","message":"\n\n***************************\nAPPLICATION FAILED TO START\n***************************\n\nDescription:\n\nWeb server failed to start. Port 8080 was already in use.\n\nAction:\n\nIdentify and stop the process that's listening on port 8080 or configure this application to listen on another port.\n","service":"simple-mocking-api"}
{"@timestamp":"2025-09-28T14:01:13.345Z","@version":"1","level":"INFO","thread_name":"main","logger_name":"com.cozysnippet.simple_mocking_api.SimpleMockingApiApplication","message":"Starting SimpleMockingApiApplication using Java 17.0.16 with PID 32305 (/home/raksmey/Programmings/devops/kubernetes-with-teach-bruno/simple_mocking_api/build/classes/java/main started by raksmey in /home/raksmey/Programmings/devops/kubernetes-with-teach-bruno)","service":"simple-mocking-api"}
{"@timestamp":"2025-09-28T14:01:13.349Z","@version":"1","level":"INFO","thread_name":"main","logger_name":"com.cozysnippet.simple_mocking_api.SimpleMockingApiApplication","message":"The following 1 profile is active: \"dev\"","service":"simple-mocking-api"}
{"@timestamp":"2025-09-28T14:01:14.143Z","@version":"1","level":"INFO","thread_name":"main","logger_name":"org.apache.coyote.http11.Http11NioProtocol","message":"Initializing ProtocolHandler [\"http-nio-8080\"]","service":"simple-mocking-api"}
{"@timestamp":"2025-09-28T14:01:14.144Z","@version":"1","level":"INFO","thread_name":"main","logger_name":"org.apache.catalina.core.StandardService","message":"Starting service [Tomcat]","service":"simple-mocking-api"}
{"@timestamp":"2025-09-28T14:01:14.144Z","@version":"1","level":"INFO","thread_name":"main","logger_name":"org.apache.catalina.core.StandardEngine","message":"Starting Servlet engine: [Apache Tomcat/10.1.46]","service":"simple-mocking-api"}
{"@timestamp":"2025-09-28T14:01:14.178Z","@version":"1","level":"INFO","thread_name":"main","logger_name":"org.apache.catalina.core.ContainerBase.[Tomcat].[localhost].[/]","message":"Initializing Spring embedded WebApplicationContext","service":"simple-mocking-api"}
{"@timestamp":"2025-09-28T14:01:14.205Z","@version":"1","level":"DEBUG","thread_name":"main","logger_name":"io.micrometer.common.util.internal.logging.InternalLoggerFactory","message":"Using SLF4J as the default logging framework","service":"simple-mocking-api"}
{"@timestamp":"2025-09-28T14:01:14.752Z","@version":"1","level":"INFO","thread_name":"main","logger_name":"org.apache.coyote.http11.Http11NioProtocol","message":"Starting ProtocolHandler [\"http-nio-8080\"]","service":"simple-mocking-api"}
{"@timestamp":"2025-09-28T14:01:14.775Z","@version":"1","level":"INFO","thread_name":"main","logger_name":"com.cozysnippet.simple_mocking_api.SimpleMockingApiApplication","message":"Started SimpleMockingApiApplication in 1.961 seconds (process running for 2.287)","service":"simple-mocking-api"}
{"@timestamp":"2025-09-28T14:01:14.978Z","@version":"1","level":"INFO","thread_name":"RMI TCP Connection(4)-127.0.0.1","logger_name":"org.apache.catalina.core.ContainerBase.[Tomcat].[localhost].[/]","message":"Initializing Spring DispatcherServlet 'dispatcherServlet'","service":"simple-mocking-api"}
{"@timestamp":"2025-09-28T14:01:24.452Z","@version":"1","level":"INFO","thread_name":"http-nio-8080-exec-5","logger_name":"org.springdoc.api.AbstractOpenApiResource","message":"Init duration for springdoc-openapi is: 142 ms","traceId":"68d93fb4b09517bc3ceab907c41d8e2a","spanId":"3ceab907c41d8e2a","service":"simple-mocking-api"}
{"@timestamp":"2025-09-28T14:01:29.837Z","@version":"1","level":"INFO","thread_name":"http-nio-8080-exec-6","logger_name":"com.cozysnippet.simple_mocking_api.controller.UserController","message":"=== TRACING TEST START ===","traceId":"68d93fb9ad76b6fc6b35f0904f5a85d2","spanId":"6b35f0904f5a85d2","service":"simple-mocking-api"}
{"@timestamp":"2025-09-28T14:01:29.837Z","@version":"1","level":"INFO","thread_name":"http-nio-8080-exec-6","logger_name":"com.cozysnippet.simple_mocking_api.controller.UserController","message":"Testing if trace and span IDs are visible in logs","traceId":"68d93fb9ad76b6fc6b35f0904f5a85d2","spanId":"6b35f0904f5a85d2","service":"simple-mocking-api"}
{"@timestamp":"2025-09-28T14:01:29.838Z","@version":"1","level":"INFO","thread_name":"http-nio-8080-exec-6","logger_name":"com.cozysnippet.simple_mocking_api.controller.UserController","message":"=== TRACING TEST END ===","traceId":"68d93fb9ad76b6fc6b35f0904f5a85d2","spanId":"6b35f0904f5a85d2","service":"simple-mocking-api"}
{"@timestamp":"2025-09-28T14:02:32.426Z","@version":"1","level":"INFO","thread_name":"http-nio-8080-exec-9","logger_name":"com.cozysnippet.simple_mocking_api.controller.UserController","message":"Fetching all users","traceId":"68d93ff8130e5d8220382104dd20b121","spanId":"20382104dd20b121","service":"simple-mocking-api"}
{"@timestamp":"2025-09-28T14:02:32.426Z","@version":"1","level":"INFO","thread_name":"http-nio-8080-exec-9","logger_name":"com.cozysnippet.simple_mocking_api.controller.UserController","message":"Retrieved 15 users","traceId":"68d93ff8130e5d8220382104dd20b121","spanId":"20382104dd20b121","service":"simple-mocking-api"}
{"@timestamp":"2025-09-28T14:04:27.207Z","@version":"1","level":"INFO","thread_name":"main","logger_name":"com.cozysnippet.simple_mocking_api.SimpleMockingApiApplication","message":"Starting SimpleMockingApiApplication using Java 17.0.16 with PID 32731 (/home/raksmey/Programmings/devops/kubernetes-with-teach-bruno/simple_mocking_api/build/classes/java/main started by raksmey in /home/raksmey/Programmings/devops/kubernetes-with-teach-bruno)","service":"simple-mocking-api"}
{"@timestamp":"2025-09-28T14:04:27.212Z","@version":"1","level":"INFO","thread_name":"main","logger_name":"com.cozysnippet.simple_mocking_api.SimpleMockingApiApplication","message":"The following 1 profile is active: \"dev\"","service":"simple-mocking-api"}
{"@timestamp":"2025-09-28T14:04:28.024Z","@version":"1","level":"INFO","thread_name":"main","logger_name":"org.apache.coyote.http11.Http11NioProtocol","message":"Initializing ProtocolHandler [\"http-nio-8080\"]","service":"simple-mocking-api"}
{"@timestamp":"2025-09-28T14:04:28.026Z","@version":"1","level":"INFO","thread_name":"main","logger_name":"org.apache.catalina.core.StandardService","message":"Starting service [Tomcat]","service":"simple-mocking-api"}
{"@timestamp":"2025-09-28T14:04:28.026Z","@version":"1","level":"INFO","thread_name":"main","logger_name":"org.apache.catalina.core.StandardEngine","message":"Starting Servlet engine: [Apache Tomcat/10.1.46]","service":"simple-mocking-api"}
{"@timestamp":"2025-09-28T14:04:28.062Z","@version":"1","level":"INFO","thread_name":"main","logger_name":"org.apache.catalina.core.ContainerBase.[Tomcat].[localhost].[/]","message":"Initializing Spring embedded WebApplicationContext","service":"simple-mocking-api"}
{"@timestamp":"2025-09-28T14:04:28.089Z","@version":"1","level":"DEBUG","thread_name":"main","logger_name":"io.micrometer.common.util.internal.logging.InternalLoggerFactory","message":"Using SLF4J as the default logging framework","service":"simple-mocking-api"}
{"@timestamp":"2025-09-28T14:04:28.644Z","@version":"1","level":"INFO","thread_name":"main","logger_name":"org.apache.coyote.http11.Http11NioProtocol","message":"Starting ProtocolHandler [\"http-nio-8080\"]","service":"simple-mocking-api"}
{"@timestamp":"2025-09-28T14:04:28.667Z","@version":"1","level":"INFO","thread_name":"main","logger_name":"com.cozysnippet.simple_mocking_api.SimpleMockingApiApplication","message":"Started SimpleMockingApiApplication in 1.995 seconds (process running for 2.288)","service":"simple-mocking-api"}
{"@timestamp":"2025-09-28T14:04:29.154Z","@version":"1","level":"INFO","thread_name":"RMI TCP Connection(1)-127.0.0.1","logger_name":"org.apache.catalina.core.ContainerBase.[Tomcat].[localhost].[/]","message":"Initializing Spring DispatcherServlet 'dispatcherServlet'","service":"simple-mocking-api"}
{"@timestamp":"2025-09-28T14:04:47.894Z","@version":"1","level":"INFO","thread_name":"http-nio-8080-exec-1","logger_name":"com.cozysnippet.simple_mocking_api.controller.UserController","message":"Fetching all users","traceId":"68d9407f4d6abe84004307e13eb47b59","spanId":"004307e13eb47b59","service":"simple-mocking-api"}
{"@timestamp":"2025-09-28T14:04:47.895Z","@version":"1","level":"INFO","thread_name":"http-nio-8080-exec-1","logger_name":"com.cozysnippet.simple_mocking_api.controller.UserController","message":"Retrieved 5 users","traceId":"68d9407f4d6abe84004307e13eb47b59","spanId":"004307e13eb47b59","service":"simple-mocking-api"}
{"@timestamp":"2025-09-28T14:05:02.398Z","@version":"1","level":"INFO","thread_name":"http-nio-8080-exec-4","logger_name":"com.cozysnippet.simple_mocking_api.controller.UserController","message":"Fetching all users","traceId":"68d9408ec6712183030735e9dec0568d","spanId":"030735e9dec0568d","service":"simple-mocking-api"}
{"@timestamp":"2025-09-28T14:05:02.399Z","@version":"1","level":"INFO","thread_name":"http-nio-8080-exec-4","logger_name":"com.cozysnippet.simple_mocking_api.controller.UserController","message":"Retrieved 15 users","traceId":"68d9408ec6712183030735e9dec0568d","spanId":"030735e9dec0568d","service":"simple-mocking-api"}
{"@timestamp":"2025-09-28T14:05:15.862Z","@version":"1","level":"INFO","thread_name":"http-nio-8080-exec-6","logger_name":"com.cozysnippet.simple_mocking_api.controller.UserController","message":"Deleting user with ID: 13","traceId":"68d9409b4f9a5358e42a1b68ba03ebdd","spanId":"e42a1b68ba03ebdd","service":"simple-mocking-api"}
{"@timestamp":"2025-09-28T14:05:15.863Z","@version":"1","level":"INFO","thread_name":"http-nio-8080-exec-6","logger_name":"com.cozysnippet.simple_mocking_api.controller.UserController","message":"User with ID 13 deleted","traceId":"68d9409b4f9a5358e42a1b68ba03ebdd","spanId":"e42a1b68ba03ebdd","service":"simple-mocking-api"}
{"@timestamp":"2025-09-28T14:05:15.870Z","@version":"1","level":"INFO","thread_name":"http-nio-8080-exec-7","logger_name":"com.cozysnippet.simple_mocking_api.controller.UserController","message":"Fetching all users","traceId":"68d9409b299c19c6d4e1e2371ed2fe29","spanId":"d4e1e2371ed2fe29","service":"simple-mocking-api"}
{"@timestamp":"2025-09-28T14:05:15.871Z","@version":"1","level":"INFO","thread_name":"http-nio-8080-exec-7","logger_name":"com.cozysnippet.simple_mocking_api.controller.UserController","message":"Retrieved 14 users","traceId":"68d9409b299c19c6d4e1e2371ed2fe29","spanId":"d4e1e2371ed2fe29","service":"simple-mocking-api"}
{"@timestamp":"2025-09-28T14:05:20.209Z","@version":"1","level":"INFO","thread_name":"http-nio-8080-exec-9","logger_name":"com.cozysnippet.simple_mocking_api.controller.UserController","message":"Deleting user with ID: 1","traceId":"68d940a092a0024b98f3c499c3ffd5ed","spanId":"98f3c499c3ffd5ed","service":"simple-mocking-api"}
{"@timestamp":"2025-09-28T14:05:20.210Z","@version":"1","level":"INFO","thread_name":"http-nio-8080-exec-9","logger_name":"com.cozysnippet.simple_mocking_api.controller.UserController","message":"User with ID 1 deleted","traceId":"68d940a092a0024b98f3c499c3ffd5ed","spanId":"98f3c499c3ffd5ed","service":"simple-mocking-api"}
{"@timestamp":"2025-09-28T14:05:20.215Z","@version":"1","level":"INFO","thread_name":"http-nio-8080-exec-10","logger_name":"com.cozysnippet.simple_mocking_api.controller.UserController","message":"Fetching all users","traceId":"68d940a0ebe9f255fe8b8198bd53cded","spanId":"fe8b8198bd53cded","service":"simple-mocking-api"}
{"@timestamp":"2025-09-28T14:05:20.216Z","@version":"1","level":"INFO","thread_name":"http-nio-8080-exec-10","logger_name":"com.cozysnippet.simple_mocking_api.controller.UserController","message":"Retrieved 13 users","traceId":"68d940a0ebe9f255fe8b8198bd53cded","spanId":"fe8b8198bd53cded","service":"simple-mocking-api"}
{"@timestamp":"2025-09-28T14:05:25.792Z","@version":"1","level":"INFO","thread_name":"http-nio-8080-exec-2","logger_name":"com.cozysnippet.simple_mocking_api.controller.UserController","message":"Deleting user with ID: 2","traceId":"68d940a53b3a0af06f590866c83a9c01","spanId":"6f590866c83a9c01","service":"simple-mocking-api"}
{"@timestamp":"2025-09-28T14:05:25.792Z","@version":"1","level":"INFO","thread_name":"http-nio-8080-exec-2","logger_name":"com.cozysnippet.simple_mocking_api.controller.UserController","message":"User with ID 2 deleted","traceId":"68d940a53b3a0af06f590866c83a9c01","spanId":"6f590866c83a9c01","service":"simple-mocking-api"}
{"@timestamp":"2025-09-28T14:05:25.799Z","@version":"1","level":"INFO","thread_name":"http-nio-8080-exec-3","logger_name":"com.cozysnippet.simple_mocking_api.controller.UserController","message":"Fetching all users","traceId":"68d940a5d0ac1d811689ea06f7d6ed7a","spanId":"1689ea06f7d6ed7a","service":"simple-mocking-api"}
{"@timestamp":"2025-09-28T14:05:25.799Z","@version":"1","level":"INFO","thread_name":"http-nio-8080-exec-3","logger_name":"com.cozysnippet.simple_mocking_api.controller.UserController","message":"Retrieved 12 users","traceId":"68d940a5d0ac1d811689ea06f7d6ed7a","spanId":"1689ea06f7d6ed7a","service":"simple-mocking-api"}
{"@timestamp":"2025-09-28T14:05:27.841Z","@version":"1","level":"INFO","thread_name":"http-nio-8080-exec-5","logger_name":"com.cozysnippet.simple_mocking_api.controller.UserController","message":"Updating user with ID: 6","traceId":"68d940a7767f3d28b2b872b3caae082c","spanId":"b2b872b3caae082c","service":"simple-mocking-api"}
{"@timestamp":"2025-09-28T14:05:27.849Z","@version":"1","level":"INFO","thread_name":"http-nio-8080-exec-5","logger_name":"com.cozysnippet.simple_mocking_api.controller.UserController","message":"User updated: dakota.white@example.com","traceId":"68d940a7767f3d28b2b872b3caae082c","spanId":"b2b872b3caae082c","service":"simple-mocking-api"}
{"@timestamp":"2025-09-28T14:05:27.857Z","@version":"1","level":"INFO","thread_name":"http-nio-8080-exec-6","logger_name":"com.cozysnippet.simple_mocking_api.controller.UserController","message":"Fetching all users","traceId":"68d940a752eabb058008577a0acbd2a8","spanId":"8008577a0acbd2a8","service":"simple-mocking-api"}
{"@timestamp":"2025-09-28T14:05:27.858Z","@version":"1","level":"INFO","thread_name":"http-nio-8080-exec-6","logger_name":"com.cozysnippet.simple_mocking_api.controller.UserController","message":"Retrieved 12 users","traceId":"68d940a752eabb058008577a0acbd2a8","spanId":"8008577a0acbd2a8","service":"simple-mocking-api"}
{"@timestamp":"2025-09-28T14:05:30.648Z","@version":"1","level":"INFO","thread_name":"http-nio-8080-exec-9","logger_name":"com.cozysnippet.simple_mocking_api.controller.UserController","message":"Fetching all users","traceId":"68d940aacb5e42d868c65161302f7054","spanId":"68c65161302f7054","service":"simple-mocking-api"}
{"@timestamp":"2025-09-28T14:05:30.648Z","@version":"1","level":"INFO","thread_name":"http-nio-8080-exec-9","logger_name":"com.cozysnippet.simple_mocking_api.controller.UserController","message":"Retrieved 14 users","traceId":"68d940aacb5e42d868c65161302f7054","spanId":"68c65161302f7054","service":"simple-mocking-api"}
{"@timestamp":"2025-09-28T14:05:32.631Z","@version":"1","level":"INFO","thread_name":"http-nio-8080-exec-10","logger_name":"com.cozysnippet.simple_mocking_api.controller.UserController","message":"Fetching all users","traceId":"68d940ac248378c2e0d8685de98be0c6","spanId":"e0d8685de98be0c6","service":"simple-mocking-api"}
{"@timestamp":"2025-09-28T14:05:32.632Z","@version":"1","level":"INFO","thread_name":"http-nio-8080-exec-10","logger_name":"com.cozysnippet.simple_mocking_api.controller.UserController","message":"Retrieved 14 users","traceId":"68d940ac248378c2e0d8685de98be0c6","spanId":"e0d8685de98be0c6","service":"simple-mocking-api"}
{"@timestamp":"2025-09-28T14:05:35.511Z","@version":"1","level":"INFO","thread_name":"http-nio-8080-exec-1","logger_name":"com.cozysnippet.simple_mocking_api.controller.UserController","message":"Fetching all users","traceId":"68d940af5dc2858348c8dacc4f240243","spanId":"48c8dacc4f240243","service":"simple-mocking-api"}
{"@timestamp":"2025-09-28T14:05:35.511Z","@version":"1","level":"INFO","thread_name":"http-nio-8080-exec-1","logger_name":"com.cozysnippet.simple_mocking_api.controller.UserController","message":"Retrieved 14 users","traceId":"68d940af5dc2858348c8dacc4f240243","spanId":"48c8dacc4f240243","service":"simple-mocking-api"}
{"@timestamp":"2025-09-28T14:05:38.459Z","@version":"1","level":"INFO","thread_name":"http-nio-8080-exec-2","logger_name":"com.cozysnippet.simple_mocking_api.controller.UserController","message":"Fetching all users","traceId":"68d940b215a0b688e3c0f130dc87215e","spanId":"e3c0f130dc87215e","service":"simple-mocking-api"}
{"@timestamp":"2025-09-28T14:05:38.465Z","@version":"1","level":"INFO","thread_name":"http-nio-8080-exec-2","logger_name":"com.cozysnippet.simple_mocking_api.controller.UserController","message":"Retrieved 14 users","traceId":"68d940b215a0b688e3c0f130dc87215e","spanId":"e3c0f130dc87215e","service":"simple-mocking-api"}
